
Fetching links and degrees... [0.0%]Fetching links and degrees... [100%] !
  0.208454 seconds (582.71 k allocations: 57.949 MiB, 58.74% gc time)


Iteration: 1

Scanning for inbound links...
  0.213999 seconds (668.29 k allocations: 24.471 MiB, 74.09% compilation time)

No nodes with no outbound links to remove.

Degenerating graph...
  0.021270 seconds (32.18 k allocations: 1.670 MiB, 94.71% compilation time)

Removing links...
  0.031042 seconds (43.12 k allocations: 2.305 MiB, 97.42% compilation time)
Nodes Removed: 9 out of 1008 -> 0.9%
Nodes left: 999


Iteration: 2

Fetching degrees... Fetching degrees... Done!

Scanning for inbound links...
  0.047772 seconds (395.36 k allocations: 9.930 MiB, 13.13% gc time)

No nodes with no outbound links to remove.

Degenerating graph...
  0.000537 seconds (3.15 k allocations: 123.953 KiB)

No. of Nodes in 100-core graph: 999
No more nodes to remove. Finished in 2 iteration(s).

Writing edges...
  0.236192 seconds (2.14 M allocations: 93.846 MiB, 7.97% gc time, 48.77% compilation time)
  2.347515 seconds (8.88 M allocations: 442.433 MiB, 8.91% gc time, 81.25% compilation time)
