
Fetching links and degrees... [0.0%]Fetching links and degrees... [100%] !
  0.092331 seconds (610.73 k allocations: 60.736 MiB, 34.70% gc time)


Iteration: 1

Scanning for inbound links...
  0.204017 seconds (687.76 k allocations: 25.198 MiB, 77.48% compilation time)

No nodes with no outbound links to remove.

Degenerating graph...
  0.023551 seconds (43.10 k allocations: 1.838 MiB, 87.45% compilation time)

Removing links...
  0.033815 seconds (47.32 k allocations: 2.371 MiB, 90.96% compilation time)
Nodes Removed: 115 out of 1086 -> 10.6%
Nodes left: 971


Iteration: 2

Fetching degrees... Fetching degrees... Done!

Scanning for inbound links...
  0.073138 seconds (385.22 k allocations: 9.624 MiB, 42.60% gc time)

No nodes with no outbound links to remove.

Degenerating graph...
  0.000592 seconds (3.15 k allocations: 123.359 KiB)

Removing links...
  0.000218 seconds (256 allocations: 10.547 KiB)
Nodes Removed: 1 out of 971 -> 0.1%
Nodes left: 970


Iteration: 3

Fetching degrees... Fetching degrees... Done!

Scanning for inbound links...
  0.043141 seconds (384.83 k allocations: 9.612 MiB)

No nodes with no outbound links to remove.

Degenerating graph...
  0.000480 seconds (3.04 k allocations: 121.562 KiB)

No. of Nodes in 104-core graph: 970
No more nodes to remove. Finished in 3 iteration(s).

Writing edges...
  0.399275 seconds (2.09 M allocations: 91.916 MiB, 34.30% gc time, 32.91% compilation time)
  2.445660 seconds (9.28 M allocations: 454.174 MiB, 10.19% gc time, 78.10% compilation time)
