
Fetching links and degrees... [0.0%]Fetching links and degrees... [100%] !
  0.202813 seconds (610.73 k allocations: 60.736 MiB, 63.08% gc time)


Iteration: 1

Scanning for inbound links...
  0.219536 seconds (687.75 k allocations: 25.197 MiB, 76.77% compilation time)

No nodes with no outbound links to remove.

Degenerating graph...
  0.024342 seconds (43.54 k allocations: 1.845 MiB, 87.66% compilation time)

Removing links...
  0.034832 seconds (47.50 k allocations: 2.373 MiB, 91.29% compilation time)
Nodes Removed: 119 out of 1086 -> 11.0%
Nodes left: 967


Iteration: 2

Fetching degrees... Fetching degrees... Done!

Scanning for inbound links...
  0.052285 seconds (384.06 k allocations: 9.589 MiB, 10.95% gc time)

No nodes with no outbound links to remove.

Degenerating graph...
  0.000818 seconds (3.35 k allocations: 126.156 KiB)

Removing links...
  0.000573 seconds (424 allocations: 12.359 KiB)
Nodes Removed: 3 out of 967 -> 0.3%
Nodes left: 964


Iteration: 3

Fetching degrees... Fetching degrees... Done!

Scanning for inbound links...
  0.054192 seconds (382.94 k allocations: 9.555 MiB)

No nodes with no outbound links to remove.

Degenerating graph...
  0.000720 seconds (3.01 k allocations: 120.797 KiB)

No. of Nodes in 105-core graph: 964
No more nodes to remove. Finished in 3 iteration(s).

Writing edges...
  0.254026 seconds (2.08 M allocations: 91.550 MiB, 7.89% gc time, 52.03% compilation time)
  2.603307 seconds (9.27 M allocations: 453.727 MiB, 8.39% gc time, 80.94% compilation time)
