
Fetching links and degrees... [0.0%]Fetching links and degrees... [100%] !
  0.193985 seconds (610.73 k allocations: 60.736 MiB, 64.68% gc time)


Iteration: 1

Scanning for inbound links...
  0.229589 seconds (687.76 k allocations: 25.198 MiB, 75.37% compilation time)

No nodes with no outbound links to remove.

Degenerating graph...
  0.029199 seconds (44.44 k allocations: 1.859 MiB, 88.14% compilation time)

Removing links...
  0.056363 seconds (47.99 k allocations: 2.381 MiB, 76.61% compilation time)
Nodes Removed: 127 out of 1086 -> 11.7%
Nodes left: 959


Iteration: 2

Fetching degrees... Fetching degrees... Done!

Scanning for inbound links...
  0.057134 seconds (381.35 k allocations: 9.504 MiB)

No nodes with no outbound links to remove.

Degenerating graph...
  0.000515 seconds (3.12 k allocations: 122.719 KiB)

Removing links...
  0.000380 seconds (257 allocations: 10.562 KiB)
Nodes Removed: 1 out of 959 -> 0.1%
Nodes left: 958


Iteration: 3

Fetching degrees... Fetching degrees... Done!

Scanning for inbound links...
  0.044187 seconds (380.90 k allocations: 9.490 MiB)

No nodes with no outbound links to remove.

Degenerating graph...
  0.000501 seconds (3.00 k allocations: 120.891 KiB)

No. of Nodes in 106-core graph: 958
No more nodes to remove. Finished in 3 iteration(s).

Writing edges...
  0.260084 seconds (2.07 M allocations: 91.187 MiB, 8.19% gc time, 51.37% compilation time)
  2.669936 seconds (9.26 M allocations: 453.227 MiB, 8.64% gc time, 80.76% compilation time)
