
Fetching links and degrees... [0.0%]Fetching links and degrees... [100%] !
  0.200569 seconds (610.73 k allocations: 60.736 MiB, 60.26% gc time)


Iteration: 1

Scanning for inbound links...
  0.213114 seconds (687.76 k allocations: 25.198 MiB, 75.97% compilation time)

No nodes with no outbound links to remove.

Degenerating graph...
  0.029180 seconds (44.90 k allocations: 1.866 MiB, 87.67% compilation time)

Removing links...
  0.037581 seconds (48.21 k allocations: 2.384 MiB, 91.21% compilation time)
Nodes Removed: 131 out of 1086 -> 12.1%
Nodes left: 955


Iteration: 2

Fetching degrees... Fetching degrees... Done!

Scanning for inbound links...
  0.041287 seconds (379.97 k allocations: 9.462 MiB)

No nodes with no outbound links to remove.

Degenerating graph...
  0.000654 seconds (3.10 k allocations: 122.125 KiB)

Removing links...
  0.000456 seconds (237 allocations: 10.250 KiB)
Nodes Removed: 1 out of 955 -> 0.1%
Nodes left: 954


Iteration: 3

Fetching degrees... Fetching degrees... Done!

Scanning for inbound links...
  0.042727 seconds (379.62 k allocations: 9.451 MiB)

No nodes with no outbound links to remove.

Degenerating graph...
  0.000467 seconds (2.99 k allocations: 120.281 KiB)

No. of Nodes in 107-core graph: 954
No more nodes to remove. Finished in 3 iteration(s).

Writing edges...
  0.253020 seconds (2.07 M allocations: 90.955 MiB, 8.60% gc time, 50.39% compilation time)
  2.617586 seconds (9.25 M allocations: 452.921 MiB, 8.40% gc time, 81.52% compilation time)
