
Fetching links and degrees... [0.0%]Fetching links and degrees... [100%] !
  0.227627 seconds (610.73 k allocations: 60.736 MiB, 68.62% gc time)


Iteration: 1

Scanning for inbound links...
  0.234519 seconds (687.75 k allocations: 25.197 MiB, 78.91% compilation time)

No nodes with no outbound links to remove.

Degenerating graph...
  0.025177 seconds (45.83 k allocations: 1.880 MiB, 85.66% compilation time)

Removing links...
  0.037461 seconds (49.02 k allocations: 2.397 MiB, 90.81% compilation time)
Nodes Removed: 139 out of 1086 -> 12.8%
Nodes left: 947


Iteration: 2

Fetching degrees... Fetching degrees... Done!

Scanning for inbound links...
  0.043541 seconds (376.57 k allocations: 9.364 MiB)

No nodes with no outbound links to remove.

Degenerating graph...
  0.000585 seconds (3.39 k allocations: 126.688 KiB)

Removing links...
  0.000456 seconds (379 allocations: 11.656 KiB)
Nodes Removed: 4 out of 947 -> 0.4%
Nodes left: 943


Iteration: 3

Fetching degrees... Fetching degrees... Done!

Scanning for inbound links...
  0.047517 seconds (375.24 k allocations: 9.327 MiB)

No nodes with no outbound links to remove.

Degenerating graph...
  0.000818 seconds (3.04 k allocations: 121.109 KiB)

Removing links...
  0.000530 seconds (238 allocations: 10.266 KiB)
Nodes Removed: 1 out of 943 -> 0.1%
Nodes left: 942


Iteration: 4

Fetching degrees... Fetching degrees... Done!

Scanning for inbound links...
  0.042542 seconds (374.89 k allocations: 9.319 MiB)

No nodes with no outbound links to remove.

Degenerating graph...
  0.000805 seconds (2.92 k allocations: 119.250 KiB)

No. of Nodes in 108-core graph: 942
No more nodes to remove. Finished in 4 iteration(s).

Writing edges...
  0.245281 seconds (2.05 M allocations: 90.088 MiB, 8.64% gc time, 55.18% compilation time)
  2.615632 seconds (9.61 M allocations: 461.535 MiB, 9.47% gc time, 79.20% compilation time)
