
Fetching links and degrees... [0.0%]Fetching links and degrees... [100%] !
  0.192414 seconds (610.73 k allocations: 60.736 MiB, 64.42% gc time)


Iteration: 1

Scanning for inbound links...
  0.210030 seconds (687.76 k allocations: 25.198 MiB, 76.34% compilation time)

No nodes with no outbound links to remove.

Degenerating graph...
  0.026328 seconds (49.59 k allocations: 1.937 MiB, 83.83% compilation time)

Removing links...
  0.045062 seconds (51.31 k allocations: 2.432 MiB, 86.29% compilation time)
Nodes Removed: 171 out of 1086 -> 15.7%
Nodes left: 915


Iteration: 2

Fetching degrees... Fetching degrees... Done!

Scanning for inbound links...
  0.042169 seconds (364.78 k allocations: 9.029 MiB)

No nodes with no outbound links to remove.

Degenerating graph...
  0.000858 seconds (3.16 k allocations: 122.188 KiB)

Removing links...
  0.000589 seconds (259 allocations: 9.781 KiB)
Nodes Removed: 3 out of 915 -> 0.3%
Nodes left: 912


Iteration: 3

Fetching degrees... Fetching degrees... Done!

Scanning for inbound links...
  0.041060 seconds (363.88 k allocations: 9.002 MiB)

No nodes with no outbound links to remove.

Degenerating graph...
  0.000547 seconds (2.80 k allocations: 116.781 KiB)

No. of Nodes in 112-core graph: 912
No more nodes to remove. Finished in 3 iteration(s).

Writing edges...
  0.243553 seconds (2.00 M allocations: 88.061 MiB, 8.38% gc time, 50.53% compilation time)
  2.617232 seconds (9.16 M allocations: 449.243 MiB, 8.45% gc time, 81.95% compilation time)
