
Fetching links and degrees... [0.0%]Fetching links and degrees... [100%] !
  0.203892 seconds (610.73 k allocations: 60.736 MiB, 64.49% gc time)


Iteration: 1

Scanning for inbound links...
  0.237032 seconds (687.76 k allocations: 25.198 MiB, 75.83% compilation time)

No nodes with no outbound links to remove.

Degenerating graph...
  0.030351 seconds (53.26 k allocations: 1.996 MiB, 82.23% compilation time)

Removing links...
  0.042637 seconds (53.14 k allocations: 2.461 MiB, 88.87% compilation time)
Nodes Removed: 200 out of 1086 -> 18.4%
Nodes left: 886


Iteration: 2

Fetching degrees... Fetching degrees... Done!

Scanning for inbound links...
  0.044434 seconds (354.35 k allocations: 8.755 MiB)

No nodes with no outbound links to remove.

Degenerating graph...
  0.000558 seconds (3.75 k allocations: 131.297 KiB)

Removing links...
  0.000510 seconds (776 allocations: 17.906 KiB)
Nodes Removed: 9 out of 886 -> 1.0%
Nodes left: 877


Iteration: 3

Fetching degrees... Fetching degrees... Done!

Scanning for inbound links...
  0.041914 seconds (351.03 k allocations: 8.669 MiB)

No nodes with no outbound links to remove.

Degenerating graph...
  0.000375 seconds (2.68 k allocations: 114.250 KiB)

No. of Nodes in 114-core graph: 877
No more nodes to remove. Finished in 3 iteration(s).

Writing edges...
  0.240836 seconds (1.94 M allocations: 85.690 MiB, 10.91% gc time, 49.78% compilation time)
  2.586129 seconds (9.09 M allocations: 446.352 MiB, 8.56% gc time, 81.19% compilation time)
