
Fetching links and degrees... [0.0%]Fetching links and degrees... [100%] !
  0.207790 seconds (610.73 k allocations: 60.736 MiB, 60.63% gc time)


Iteration: 1

Scanning for inbound links...
  0.263466 seconds (687.76 k allocations: 25.198 MiB, 81.45% compilation time)

No nodes with no outbound links to remove.

Degenerating graph...
  0.027677 seconds (54.30 k allocations: 2.012 MiB, 81.29% compilation time)

Removing links...
  0.045974 seconds (53.92 k allocations: 2.473 MiB, 16.68% gc time, 70.79% compilation time)
Nodes Removed: 208 out of 1086 -> 19.2%
Nodes left: 878


Iteration: 2

Fetching degrees... Fetching degrees... Done!

Scanning for inbound links...
  0.052766 seconds (351.02 k allocations: 8.670 MiB)

No nodes with no outbound links to remove.

Degenerating graph...
  0.001332 seconds (3.62 k allocations: 129.016 KiB)

Removing links...
  0.000447 seconds (547 allocations: 14.312 KiB)
Nodes Removed: 8 out of 878 -> 0.9%
Nodes left: 870


Iteration: 3

Fetching degrees... Fetching degrees... Done!

Scanning for inbound links...
  0.036510 seconds (348.31 k allocations: 8.605 MiB)

No nodes with no outbound links to remove.

Degenerating graph...
  0.000517 seconds (2.89 k allocations: 117.438 KiB)

Removing links...
  0.000389 seconds (358 allocations: 11.344 KiB)
Nodes Removed: 2 out of 870 -> 0.2%
Nodes left: 868


Iteration: 4

Fetching degrees... Fetching degrees... Done!

Scanning for inbound links...
  0.043483 seconds (347.42 k allocations: 8.584 MiB)

No nodes with no outbound links to remove.

Degenerating graph...
  0.000490 seconds (2.63 k allocations: 113.219 KiB)

No. of Nodes in 115-core graph: 868
No more nodes to remove. Finished in 4 iteration(s).

Writing edges...
  0.243511 seconds (1.93 M allocations: 85.025 MiB, 9.11% gc time, 55.94% compilation time)
  2.654973 seconds (9.42 M allocations: 454.481 MiB, 8.28% gc time, 80.23% compilation time)
