
Fetching links and degrees... [0.0%]Fetching links and degrees... [100%] !
  0.219510 seconds (610.73 k allocations: 60.736 MiB, 67.66% gc time)


Iteration: 1

Scanning for inbound links...
  0.286685 seconds (687.76 k allocations: 25.198 MiB, 77.80% compilation time)

No nodes with no outbound links to remove.

Degenerating graph...
  0.031766 seconds (55.05 k allocations: 2.024 MiB, 77.34% compilation time)

Removing links...
  0.079772 seconds (54.21 k allocations: 2.477 MiB, 9.65% gc time, 79.44% compilation time)
Nodes Removed: 214 out of 1086 -> 19.7%
Nodes left: 872


Iteration: 2

Fetching degrees... Fetching degrees... Done!

Scanning for inbound links...
  0.039180 seconds (348.93 k allocations: 8.620 MiB)

No nodes with no outbound links to remove.

Degenerating graph...
  0.000749 seconds (3.84 k allocations: 132.172 KiB)

Removing links...
  0.000505 seconds (653 allocations: 16.000 KiB)
Nodes Removed: 10 out of 872 -> 1.1%
Nodes left: 862


Iteration: 3

Fetching degrees... Fetching degrees... Done!

Scanning for inbound links...
  0.040193 seconds (345.56 k allocations: 8.531 MiB)

No nodes with no outbound links to remove.

Degenerating graph...
  0.000406 seconds (2.60 k allocations: 112.391 KiB)

No. of Nodes in 116-core graph: 862
No more nodes to remove. Finished in 3 iteration(s).

Writing edges...
  0.260753 seconds (1.92 M allocations: 84.684 MiB, 8.21% gc time, 55.15% compilation time)
  2.821623 seconds (9.05 M allocations: 445.109 MiB, 8.62% gc time, 81.76% compilation time)
