
Fetching links and degrees... [0.0%]Fetching links and degrees... [100%] !
  0.207396 seconds (610.73 k allocations: 60.736 MiB, 62.21% gc time)


Iteration: 1

Scanning for inbound links...
  0.212329 seconds (687.76 k allocations: 25.198 MiB, 77.56% compilation time)

No nodes with no outbound links to remove.

Degenerating graph...
  0.025125 seconds (56.22 k allocations: 2.041 MiB, 80.94% compilation time)

Removing links...
  0.042377 seconds (54.65 k allocations: 2.484 MiB, 16.41% gc time, 71.01% compilation time)
Nodes Removed: 223 out of 1086 -> 20.5%
Nodes left: 863


Iteration: 2

Fetching degrees... Fetching degrees... Done!

Scanning for inbound links...
  0.035111 seconds (345.90 k allocations: 8.544 MiB)

No nodes with no outbound links to remove.

Degenerating graph...
  0.000484 seconds (3.32 k allocations: 123.672 KiB)

Removing links...
  0.000239 seconds (486 allocations: 13.328 KiB)
Nodes Removed: 6 out of 863 -> 0.7%
Nodes left: 857


Iteration: 3

Fetching degrees... Fetching degrees... Done!

Scanning for inbound links...
  0.034689 seconds (343.81 k allocations: 8.490 MiB)

No nodes with no outbound links to remove.

Degenerating graph...
  0.000480 seconds (2.58 k allocations: 112.297 KiB)

No. of Nodes in 117-core graph: 857
No more nodes to remove. Finished in 3 iteration(s).

Writing edges...
  0.233491 seconds (1.91 M allocations: 84.365 MiB, 8.52% gc time, 51.08% compilation time)
  2.493099 seconds (9.04 M allocations: 444.684 MiB, 9.19% gc time, 81.41% compilation time)
