
Fetching links and degrees... [0.0%]Fetching links and degrees... [100%] !
  0.213415 seconds (610.73 k allocations: 60.736 MiB, 60.64% gc time)


Iteration: 1

Scanning for inbound links...
  0.243094 seconds (687.76 k allocations: 25.198 MiB, 78.04% compilation time)

No nodes with no outbound links to remove.

Degenerating graph...
  0.034634 seconds (57.49 k allocations: 2.061 MiB, 80.74% compilation time)

Removing links...
  0.047086 seconds (54.91 k allocations: 2.488 MiB, 12.37% gc time, 74.36% compilation time)
Nodes Removed: 233 out of 1086 -> 21.5%
Nodes left: 853


Iteration: 2

Fetching degrees... Fetching degrees... Done!

Scanning for inbound links...
  0.044877 seconds (342.97 k allocations: 8.471 MiB)

No nodes with no outbound links to remove.

Degenerating graph...
  0.000850 seconds (4.80 k allocations: 146.828 KiB)

Removing links...
  0.000751 seconds (1.66 k allocations: 31.859 KiB)
Nodes Removed: 18 out of 853 -> 2.1%
Nodes left: 835


Iteration: 3

Fetching degrees... Fetching degrees... Done!

Scanning for inbound links...
  0.035462 seconds (335.63 k allocations: 8.293 MiB)

No nodes with no outbound links to remove.

Degenerating graph...
  0.000522 seconds (2.74 k allocations: 114.047 KiB)

Removing links...
  0.000261 seconds (279 allocations: 10.109 KiB)
Nodes Removed: 2 out of 835 -> 0.2%
Nodes left: 833


Iteration: 4

Fetching degrees... Fetching degrees... Done!

Scanning for inbound links...
  0.039422 seconds (334.90 k allocations: 8.276 MiB)

No nodes with no outbound links to remove.

Degenerating graph...
  0.000360 seconds (2.49 k allocations: 110.062 KiB)

No. of Nodes in 119-core graph: 833
No more nodes to remove. Finished in 4 iteration(s).

Writing edges...
  0.246328 seconds (1.87 M allocations: 82.722 MiB, 9.35% gc time, 57.59% compilation time)
  2.604445 seconds (9.34 M allocations: 451.430 MiB, 8.60% gc time, 80.08% compilation time)
