
Fetching links and degrees... [0.0%]Fetching links and degrees... [100%] !
  0.421470 seconds (1.93 M allocations: 193.179 MiB, 31.93% gc time)


Iteration: 1

Scanning for inbound links...
  0.340559 seconds (1.60 M allocations: 49.134 MiB, 1.56% gc time, 49.74% compilation time)

No nodes with no outbound links to remove.

Degenerating graph...
  0.026360 seconds (57.09 k allocations: 2.253 MiB, 80.36% compilation time)

Removing links...
  0.035169 seconds (54.02 k allocations: 2.474 MiB, 85.92% compilation time)
Nodes Removed: 171 out of 4253 -> 4.0%
Nodes left: 4082


Iteration: 2

Fetching degrees... Fetching degrees... Done!

Scanning for inbound links...
  0.247120 seconds (1.37 M allocations: 37.387 MiB, 4.01% gc time, 36.54% compilation time)

Removing 1 nodes with no outbound links...
  0.051315 seconds (63.40 k allocations: 3.578 MiB, 98.50% compilation time)

Degenerating graph...
  0.003052 seconds (23.84 k allocations: 653.445 KiB)

Removing links...
  0.002006 seconds (7.47 k allocations: 124.086 KiB)
Nodes Removed: 111 out of 4082 -> 2.7%
Nodes left: 3971


Iteration: 3

Fetching degrees... Fetching degrees... Done!

Scanning for inbound links...
  0.180338 seconds (1.25 M allocations: 32.711 MiB, 13.05% gc time)

Removing 1 nodes with no outbound links...
  0.000422 seconds (210 allocations: 203.594 KiB)

Degenerating graph...
  0.002268 seconds (18.88 k allocations: 573.758 KiB)

Removing links...
  0.001160 seconds (3.81 k allocations: 65.930 KiB)
Nodes Removed: 51 out of 3971 -> 1.3%
Nodes left: 3920


Iteration: 4

Fetching degrees... Fetching degrees... Done!

Scanning for inbound links...
  0.244745 seconds (1.24 M allocations: 32.350 MiB, 29.01% gc time)

No nodes with no outbound links to remove.

Degenerating graph...
  0.001905 seconds (19.63 k allocations: 584.461 KiB)

Removing links...
  0.001185 seconds (5.15 k allocations: 87.008 KiB)
Nodes Removed: 61 out of 3920 -> 1.6%
Nodes left: 3859


Iteration: 5

Fetching degrees... Fetching degrees... Done!

Scanning for inbound links...
  0.159345 seconds (1.22 M allocations: 31.877 MiB)

No nodes with no outbound links to remove.

Degenerating graph...
  0.002092 seconds (19.37 k allocations: 579.336 KiB)

Removing links...
  0.001140 seconds (4.27 k allocations: 73.633 KiB)
Nodes Removed: 63 out of 3859 -> 1.6%
Nodes left: 3796


Iteration: 6

Fetching degrees... Fetching degrees... Done!

Scanning for inbound links...
  0.206199 seconds (1.20 M allocations: 31.428 MiB, 26.74% gc time)

No nodes with no outbound links to remove.

Degenerating graph...
  0.002036 seconds (15.80 k allocations: 521.633 KiB)

Removing links...
  0.000867 seconds (1.53 k allocations: 29.844 KiB)
Nodes Removed: 20 out of 3796 -> 0.5%
Nodes left: 3776


Iteration: 7

Fetching degrees... Fetching degrees... Done!

Scanning for inbound links...
  0.153910 seconds (1.19 M allocations: 31.287 MiB, 2.35% gc time)

Removing 1 nodes with no outbound links...
  0.000308 seconds (210 allocations: 203.594 KiB)

Degenerating graph...
  0.001376 seconds (15.24 k allocations: 512.492 KiB)

Removing links...
  0.000729 seconds (1.52 k allocations: 29.992 KiB)
Nodes Removed: 13 out of 3776 -> 0.3%
Nodes left: 3763


Iteration: 8

Fetching degrees... Fetching degrees... Done!

Scanning for inbound links...
  0.163530 seconds (1.19 M allocations: 31.169 MiB, 0.85% gc time)

No nodes with no outbound links to remove.

Degenerating graph...
  0.001415 seconds (14.96 k allocations: 507.867 KiB)

Removing links...
  0.000406 seconds (669 allocations: 16.250 KiB)
Nodes Removed: 10 out of 3763 -> 0.3%
Nodes left: 3753


Iteration: 9

Fetching degrees... Fetching degrees... Done!

Scanning for inbound links...
  0.142958 seconds (1.19 M allocations: 31.101 MiB)

No nodes with no outbound links to remove.

Degenerating graph...
  0.001181 seconds (14.32 k allocations: 497.414 KiB)

Removing links...
  0.000179 seconds (321 allocations: 10.766 KiB)
Nodes Removed: 2 out of 3753 -> 0.1%
Nodes left: 3751


Iteration: 10

Fetching degrees... Fetching degrees... Done!

Scanning for inbound links...
  0.149365 seconds (1.19 M allocations: 31.086 MiB, 1.07% gc time)

No nodes with no outbound links to remove.

Degenerating graph...
  0.001008 seconds (14.18 k allocations: 495.258 KiB)

No. of Nodes in 70-core graph: 3751
No more nodes to remove. Finished in 10 iteration(s).

Writing edges...
  0.595213 seconds (5.57 M allocations: 238.899 MiB, 8.12% gc time, 25.14% compilation time)
  4.831350 seconds (25.68 M allocations: 1.021 GiB, 8.60% gc time, 45.06% compilation time)
