
Fetching links and degrees... [0.0%]Fetching links and degrees... [100%] !
  0.242146 seconds (610.73 k allocations: 60.736 MiB, 50.52% gc time)


Iteration: 1

Scanning for inbound links...
  0.209709 seconds (687.76 k allocations: 25.198 MiB, 75.43% compilation time)

No nodes with no outbound links to remove.

Degenerating graph...
  0.021011 seconds (32.19 k allocations: 1.671 MiB, 95.03% compilation time)

Removing links...
  0.031706 seconds (43.06 k allocations: 2.304 MiB, 97.40% compilation time)
Nodes Removed: 7 out of 1086 -> 0.6%
Nodes left: 1079


Iteration: 2

Fetching degrees... Fetching degrees... Done!

Scanning for inbound links...
  0.048538 seconds (415.56 k allocations: 10.679 MiB, 11.62% gc time)

No nodes with no outbound links to remove.

Degenerating graph...
  0.000674 seconds (3.49 k allocations: 131.867 KiB)

No. of Nodes in 89-core graph: 1079
No more nodes to remove. Finished in 2 iteration(s).

Writing edges...
  0.254409 seconds (2.22 M allocations: 97.507 MiB, 7.29% gc time, 50.36% compilation time)
  2.419519 seconds (9.03 M allocations: 450.382 MiB, 8.60% gc time, 80.33% compilation time)
