
Fetching links and degrees... [0.0%]Fetching links and degrees... [100%] !
  0.191968 seconds (608.01 k allocations: 60.461 MiB, 62.38% gc time)


Iteration: 1

Scanning for inbound links...
  0.202228 seconds (685.88 k allocations: 25.137 MiB, 76.90% compilation time)

No nodes with no outbound links to remove.

Degenerating graph...
  0.021909 seconds (32.00 k allocations: 1.668 MiB, 95.24% compilation time)

Removing links...
  0.030727 seconds (42.82 k allocations: 2.300 MiB, 97.41% compilation time)
Nodes Removed: 5 out of 1079 -> 0.5%
Nodes left: 1074


Iteration: 2

Fetching degrees... Fetching degrees... Done!

Scanning for inbound links...
  0.050195 seconds (414.49 k allocations: 10.637 MiB, 12.49% gc time)

No nodes with no outbound links to remove.

Degenerating graph...
  0.000581 seconds (3.45 k allocations: 131.148 KiB)

No. of Nodes in 90-core graph: 1074
No more nodes to remove. Finished in 2 iteration(s).

Writing edges...
  0.241574 seconds (2.22 M allocations: 97.316 MiB, 7.15% gc time, 48.49% compilation time)
  2.321146 seconds (9.02 M allocations: 449.804 MiB, 8.85% gc time, 81.88% compilation time)
