
Fetching links and degrees... [0.0%]Fetching links and degrees... [100%] !
  0.242308 seconds (610.73 k allocations: 60.736 MiB, 63.48% gc time)


Iteration: 1

Scanning for inbound links...
  0.219709 seconds (687.76 k allocations: 25.198 MiB, 78.01% compilation time)

No nodes with no outbound links to remove.

Degenerating graph...
  0.023641 seconds (34.55 k allocations: 1.707 MiB, 92.83% compilation time)

Removing links...
  0.040929 seconds (43.47 k allocations: 2.311 MiB, 95.36% compilation time)
Nodes Removed: 32 out of 1086 -> 2.9%
Nodes left: 1054


Iteration: 2

Fetching degrees... Fetching degrees... Done!

Scanning for inbound links...
  0.057645 seconds (410.06 k allocations: 10.457 MiB, 9.88% gc time)

No nodes with no outbound links to remove.

Degenerating graph...
  0.000918 seconds (3.39 k allocations: 130.086 KiB)

No. of Nodes in 93-core graph: 1054
No more nodes to remove. Finished in 2 iteration(s).

Writing edges...
  0.270383 seconds (2.20 M allocations: 96.502 MiB, 6.68% gc time, 51.56% compilation time)
  2.597394 seconds (9.01 M allocations: 449.190 MiB, 9.48% gc time, 81.09% compilation time)
