
Fetching links and degrees... [0.0%]Fetching links and degrees... [100%] !
  0.226489 seconds (610.73 k allocations: 60.736 MiB, 65.66% gc time)


Iteration: 1

Scanning for inbound links...
  0.247268 seconds (687.76 k allocations: 25.198 MiB, 75.73% compilation time)

No nodes with no outbound links to remove.

Degenerating graph...
  0.024688 seconds (35.33 k allocations: 1.719 MiB, 89.90% compilation time)

Removing links...
  0.034936 seconds (43.63 k allocations: 2.313 MiB, 95.34% compilation time)
Nodes Removed: 40 out of 1086 -> 3.7%
Nodes left: 1046


Iteration: 2

Fetching degrees... Fetching degrees... Done!

Scanning for inbound links...
  0.064065 seconds (408.08 k allocations: 10.383 MiB, 10.96% gc time)

No nodes with no outbound links to remove.

Degenerating graph...
  0.000713 seconds (3.34 k allocations: 128.836 KiB)

No. of Nodes in 94-core graph: 1046
No more nodes to remove. Finished in 2 iteration(s).

Writing edges...
  0.294496 seconds (2.19 M allocations: 96.151 MiB, 6.81% gc time, 53.68% compilation time)
  2.630949 seconds (9.00 M allocations: 448.777 MiB, 9.38% gc time, 81.12% compilation time)
