
Fetching links and degrees... [0.0%]Fetching links and degrees... [100%] !
  0.227679 seconds (610.73 k allocations: 60.736 MiB, 67.34% gc time)


Iteration: 1

Scanning for inbound links...
  0.249755 seconds (687.75 k allocations: 25.197 MiB, 74.09% compilation time)

No nodes with no outbound links to remove.

Degenerating graph...
  0.037313 seconds (36.21 k allocations: 1.734 MiB, 91.36% compilation time)

Removing links...
  0.044758 seconds (43.77 k allocations: 2.315 MiB, 94.57% compilation time)
Nodes Removed: 49 out of 1086 -> 4.5%
Nodes left: 1037


Iteration: 2

Fetching degrees... Fetching degrees... Done!

Scanning for inbound links...
  0.058993 seconds (406.09 k allocations: 10.298 MiB, 14.34% gc time)

No nodes with no outbound links to remove.

Degenerating graph...
  0.000711 seconds (3.32 k allocations: 128.695 KiB)

No. of Nodes in 95-core graph: 1037
No more nodes to remove. Finished in 2 iteration(s).

Writing edges...
  0.303894 seconds (2.18 M allocations: 95.792 MiB, 6.17% gc time, 50.87% compilation time)
  2.762361 seconds (8.99 M allocations: 448.347 MiB, 9.19% gc time, 81.27% compilation time)
