
Fetching links and degrees... [0.0%]Fetching links and degrees... [100%] !
  0.204405 seconds (610.73 k allocations: 60.736 MiB, 60.87% gc time)


Iteration: 1

Scanning for inbound links...
  0.239629 seconds (687.76 k allocations: 25.198 MiB, 77.25% compilation time)

No nodes with no outbound links to remove.

Degenerating graph...
  0.023873 seconds (37.21 k allocations: 1.749 MiB, 89.96% compilation time)

Removing links...
  0.033954 seconds (44.09 k allocations: 2.320 MiB, 94.27% compilation time)
Nodes Removed: 59 out of 1086 -> 5.4%
Nodes left: 1027


Iteration: 2

Fetching degrees... Fetching degrees... Done!

Scanning for inbound links...
  0.048961 seconds (403.34 k allocations: 10.207 MiB, 14.60% gc time)

No nodes with no outbound links to remove.

Degenerating graph...
  0.000463 seconds (3.37 k allocations: 129.195 KiB)

Removing links...
  0.000263 seconds (236 allocations: 10.234 KiB)
Nodes Removed: 1 out of 1027 -> 0.1%
Nodes left: 1026


Iteration: 3

Fetching degrees... Fetching degrees... Done!

Scanning for inbound links...
  0.044491 seconds (403.01 k allocations: 10.200 MiB)

No nodes with no outbound links to remove.

Degenerating graph...
  0.000422 seconds (3.26 k allocations: 127.508 KiB)

No. of Nodes in 97-core graph: 1026
No more nodes to remove. Finished in 3 iteration(s).

Writing edges...
  0.258843 seconds (2.17 M allocations: 95.245 MiB, 8.39% gc time, 50.43% compilation time)
  2.627235 seconds (9.39 M allocations: 458.569 MiB, 8.60% gc time, 81.22% compilation time)
