
Fetching links and degrees... [0.0%]Fetching links and degrees... [100%] !
  0.192446 seconds (610.73 k allocations: 60.736 MiB, 64.56% gc time)


Iteration: 1

Scanning for inbound links...
  0.223527 seconds (687.76 k allocations: 25.198 MiB, 76.96% compilation time)

No nodes with no outbound links to remove.

Degenerating graph...
  0.024765 seconds (38.53 k allocations: 1.769 MiB, 90.20% compilation time)

Removing links...
  0.044129 seconds (44.78 k allocations: 2.331 MiB, 93.37% compilation time)
Nodes Removed: 72 out of 1086 -> 6.6%
Nodes left: 1014


Iteration: 2

Fetching degrees... Fetching degrees... Done!

Scanning for inbound links...
  0.084432 seconds (399.45 k allocations: 10.073 MiB, 9.08% gc time)

No nodes with no outbound links to remove.

Degenerating graph...
  0.000577 seconds (3.21 k allocations: 126.211 KiB)

No. of Nodes in 98-core graph: 1014
No more nodes to remove. Finished in 2 iteration(s).

Writing edges...
  0.265590 seconds (2.15 M allocations: 94.579 MiB, 6.85% gc time, 48.28% compilation time)
  2.648637 seconds (8.95 M allocations: 446.953 MiB, 8.36% gc time, 81.97% compilation time)
